<?xml version="1.0" encoding="UTF-8"?>
<testng-results skipped="0" failed="0" ignored="0" total="2" passed="2">
  <reporter-output>
    <line>
      <![CDATA[TEST-CASE-01 failed: Before-sorted elements compaired]]>
    </line>
    <line>
      <![CDATA[TEST-CASE-02 failed: Non-sorted elements compared with  Sorted-Elements ]]>
    </line>
  </reporter-output>
  <suite name="Default suite" duration-ms="30196" started-at="2022-08-29T20:27:20 IST" finished-at="2022-08-29T20:27:50 IST">
    <groups>
    </groups>
    <test name="Default test" duration-ms="30196" started-at="2022-08-29T20:27:20 IST" finished-at="2022-08-29T20:27:50 IST">
      <class name="com.testClasses.SortBy_productName">
        <test-method status="PASS" signature="objInitialization()[pri:0, instance:com.testClasses.SortBy_productName@77f99a05]" name="objInitialization" is-config="true" duration-ms="10774" started-at="2022-08-29T20:27:20 IST" finished-at="2022-08-29T20:27:31 IST">
          <reporter-output>
          </reporter-output>
        </test-method> <!-- objInitialization -->
        <test-method status="PASS" signature="SortByProductName()[pri:0, instance:com.testClasses.SortBy_productName@77f99a05]" name="SortByProductName" duration-ms="5026" started-at="2022-08-29T20:27:31 IST" finished-at="2022-08-29T20:27:36 IST">
          <reporter-output>
            <line>
              <![CDATA[TEST-CASE-01 failed: Before-sorted elements compaired]]>
            </line>
          </reporter-output>
        </test-method> <!-- SortByProductName -->
        <test-method status="PASS" signature="checkFailTestCase(org.testng.ITestResult)[pri:0, instance:com.testClasses.SortBy_productName@77f99a05]" name="checkFailTestCase" is-config="true" duration-ms="2" started-at="2022-08-29T20:27:36 IST" finished-at="2022-08-29T20:27:36 IST">
          <params>
            <param index="0">
              <value>
                <![CDATA[[TestResult name=SortByProductName status=SUCCESS method=SortBy_productName.SortByProductName()[pri:0, instance:com.testClasses.SortBy_productName@77f99a05] output=TEST-CASE-01 failed: Before-sorted elements compaired]]]>
              </value>
            </param>
          </params>
          <reporter-output>
          </reporter-output>
        </test-method> <!-- checkFailTestCase -->
        <test-method status="PASS" signature="objInitialization()[pri:0, instance:com.testClasses.SortBy_productName@77f99a05]" name="objInitialization" is-config="true" duration-ms="6550" started-at="2022-08-29T20:27:36 IST" finished-at="2022-08-29T20:27:43 IST">
          <reporter-output>
          </reporter-output>
        </test-method> <!-- objInitialization -->
        <test-method status="PASS" signature="SortByProductPrice()[pri:1, instance:com.testClasses.SortBy_productName@77f99a05]" name="SortByProductPrice" duration-ms="5390" started-at="2022-08-29T20:27:43 IST" finished-at="2022-08-29T20:27:48 IST">
          <reporter-output>
            <line>
              <![CDATA[TEST-CASE-02 failed: Non-sorted elements compared with  Sorted-Elements ]]>
            </line>
          </reporter-output>
        </test-method> <!-- SortByProductPrice -->
        <test-method status="PASS" signature="checkFailTestCase(org.testng.ITestResult)[pri:0, instance:com.testClasses.SortBy_productName@77f99a05]" name="checkFailTestCase" is-config="true" duration-ms="2" started-at="2022-08-29T20:27:48 IST" finished-at="2022-08-29T20:27:48 IST">
          <params>
            <param index="0">
              <value>
                <![CDATA[[TestResult name=SortByProductPrice status=SUCCESS method=SortBy_productName.SortByProductPrice()[pri:1, instance:com.testClasses.SortBy_productName@77f99a05] output=TEST-CASE-02 failed: Non-sorted elements compared with  Sorted-Elements ]]]>
              </value>
            </param>
          </params>
          <reporter-output>
          </reporter-output>
        </test-method> <!-- checkFailTestCase -->
        <test-method status="PASS" signature="closeTab()[pri:0, instance:com.testClasses.SortBy_productName@77f99a05]" name="closeTab" is-config="true" duration-ms="2408" started-at="2022-08-29T20:27:48 IST" finished-at="2022-08-29T20:27:50 IST">
          <reporter-output>
          </reporter-output>
        </test-method> <!-- closeTab -->
      </class> <!-- com.testClasses.SortBy_productName -->
    </test> <!-- Default test -->
  </suite> <!-- Default suite -->
</testng-results>
